        -:    0:Source:Testa_Nlinhas.c
        -:    0:Graph:Testa_Nlinhas.gcno
        -:    0:Data:Testa_Nlinhas.gcda
        -:    0:Runs:1
        -:    0:Programs:1
        -:    1:/*EOF*/
        -:    2:/*EOF*/
        -:    3:/*EOF*/
        -:    4:/*EOF*/
        -:    5:/*EOF*/
        -:    6:/*EOF*/
        -:    7:/*EOF*/
        -:    8:/*EOF*/
        1:    9:/*EOF*/
        1:   10:/*EOF*/
        1:   11:/*EOF*/
        -:   12:/*EOF*/
        -:   13:/*EOF*/
        5:   14:/*EOF*/
        1:   15:/*EOF*/
        1:   16:/*EOF*/
        1:   17:/*EOF*/
        -:   18:/*EOF*/
        5:   19:/*EOF*/
        1:   20:/*EOF*/
        1:   21:/*EOF*/
        1:   22:/*EOF*/
        -:   23:/*EOF*/
        -:   24:/*EOF*/
        5:   25:/*EOF*/
        1:   26:/*EOF*/
        1:   27:/*EOF*/
        1:   28:/*EOF*/
        -:   29:/*EOF*/
        -:   30:/*EOF*/
        5:   31:/*EOF*/
        1:   32:/*EOF*/
        -:   33:/*EOF*/
        1:   34:/*EOF*/
        1:   35:/*EOF*/
        1:   36:/*EOF*/
        1:   37:/*EOF*/
        1:   38:/*EOF*/
        5:   39:/*EOF*/
        1:   40:/*EOF*/
        -:   41:/*EOF*/
        1:   42:/*EOF*/
        1:   43:/*EOF*/
        1:   44:/*EOF*/
        1:   45:/*EOF*/
        1:   46:/*EOF*/
        1:   47:/*EOF*/
        1:   48:/*EOF*/
        -:   49:/*EOF*/
        5:   50:/*EOF*/
        1:   51:/*EOF*/
        1:   52:/*EOF*/
        1:   53:/*EOF*/
        1:   54:/*EOF*/
        5:   55:/*EOF*/
        1:   56:/*EOF*/
        -:   57:/*EOF*/
        1:   58:/*EOF*/
       41:   59:/*EOF*/
        -:   60:/*EOF*/
       20:   61:/*EOF*/
       20:   62:/*EOF*/
        -:   63:/*EOF*/
        1:   64:/*EOF*/
        1:   65:/*EOF*/
        1:   66:/*EOF*/
        -:   67:/*EOF*/
        5:   68:/*EOF*/
        1:   69:/*EOF*/
        1:   70:/*EOF*/
        1:   71:/*EOF*/
        1:   72:/*EOF*/
        5:   73:/*EOF*/
        1:   74:/*EOF*/
        -:   75:/*EOF*/
        1:   76:/*EOF*/
       41:   77:/*EOF*/
        -:   78:/*EOF*/
       20:   79:/*EOF*/
        -:   80:/*EOF*/
        1:   81:/*EOF*/
        1:   82:/*EOF*/
        1:   83:/*EOF*/
        -:   84:/*EOF*/
        5:   85:/*EOF*/
        1:   86:/*EOF*/
        1:   87:/*EOF*/
        1:   88:/*EOF*/
        1:   89:/*EOF*/
        -:   90:/*EOF*/
        5:   91:/*EOF*/
        1:   92:/*EOF*/
        1:   93:/*EOF*/
        1:   94:/*EOF*/
        1:   95:/*EOF*/
        1:   96:/*EOF*/
        1:   97:/*EOF*/
        5:   98:/*EOF*/
        1:   99:/*EOF*/
        1:  100:/*EOF*/
        1:  101:/*EOF*/
        1:  102:/*EOF*/
        1:  103:/*EOF*/
        1:  104:/*EOF*/
        -:  105:/*EOF*/
        5:  106:/*EOF*/
        1:  107:/*EOF*/
        -:  108:/*EOF*/
        1:  109:/*EOF*/
       41:  110:/*EOF*/
        -:  111:/*EOF*/
       20:  112:/*EOF*/
        -:  113:/*EOF*/
        1:  114:/*EOF*/
        1:  115:/*EOF*/
        1:  116:/*EOF*/
        5:  117:/*EOF*/
        1:  118:/*EOF*/
        -:  119:/*EOF*/
        1:  120:/*EOF*/
       41:  121:/*EOF*/
        -:  122:/*EOF*/
       20:  123:/*EOF*/
        -:  124:/*EOF*/
        1:  125:/*EOF*/
        1:  126:/*EOF*/
        1:  127:/*EOF*/
        1:  128:/*EOF*/
        -:  129:/*EOF*/
        5:  130:/*EOF*/
        1:  131:/*EOF*/
        1:  132:/*EOF*/
        1:  133:/*EOF*/
        1:  134:/*EOF*/
        5:  135:/*EOF*/
        1:  136:/*EOF*/
        -:  137:/*EOF*/
        1:  138:/*EOF*/
       41:  139:/*EOF*/
        -:  140:/*EOF*/
       20:  141:/*EOF*/
        -:  142:/*EOF*/
        1:  143:/*EOF*/
        1:  144:/*EOF*/
        1:  145:/*EOF*/
        -:  146:/*EOF*/
        5:  147:/*EOF*/
        1:  148:/*EOF*/
        1:  149:/*EOF*/
        1:  150:/*EOF*/
        4:  151:/*EOF*/
